spec/controllers/api/v1/investigations_controller_spec.rb:0.1810597
spec/controllers/api/v1/security_controller_spec.rb:0.0655044
spec/controllers/api/v1/system_codes_controller_spec.rb:0.2472649
spec/controllers/home_controller_spec.rb:0.2441792
spec/features/contacts/edit_investigation_contact_spec.rb:34.9707242
spec/features/errors_spec.rb:80.1274329
spec/features/investigations/history_of_involvement_spec.rb:21.4083718
spec/features/investigations/relationships_spec.rb:10.3018186
spec/features/investigations/show_investigation_spec.rb:7.6081533
spec/features/screening/create_screening_spec.rb:57.161251
spec/features/screening/cross_reports_spec.rb:191.0490277
spec/features/screening/edit_screening_spec.rb:155.3957844
spec/features/screening/participant/delete_participant_spec.rb:21.7165068
spec/features/screening/participant/race_ethnicity_spec.rb:57.3698298
spec/features/screening/validations/allegations_validations_spec.rb:47.1146642
spec/features/screening/validations/cross_reports_validations_spec.rb:148.8537938
spec/features/screening/validations/person_validation_spec.rb:854.1591725
spec/features/screening/worker_safety_spec.rb:54.3434869
spec/features/static_pages_spec.rb:5.1483431
spec/helpers/application_helper_spec.rb:0.0299632
spec/i18n_spec.rb:5.0845704
spec/lib/external_routes_spec.rb:0.1726763
spec/lib/intake_faraday_middleware_spec.rb:0.0756475
spec/lib/luid_spec.rb:0.0328865
spec/models/cross_report_spec.rb:0.0504234
spec/models/person_search_spec.rb:0.0240652
spec/models/race_spec.rb:0.0207751
spec/models/staff_spec.rb:0.0454787
spec/repositories/relationships_repository_spec.rb:0.0131988
spec/controllers/api/v1/participants_controller_spec.rb:0.9895599
spec/controllers/api/v1/people_controller_spec.rb:0.0463667
spec/controllers/api/v1/relationships_controller_spec.rb:0.0427724
spec/controllers/api/v1/screenings_controller_spec.rb:0.8532651
spec/controllers/api/v1/user_controller_spec.rb:0.0192205
spec/controllers/api_controller_spec.rb:0.1031672
spec/features/api_response_spec.rb:16.8548933
spec/features/contacts/validation_spec.rb:102.1159667
spec/features/home_page_spec.rb:23.9468989
spec/features/investigations/contact_log_spec.rb:5.8300044
spec/features/login_spec.rb:42.8795431
spec/features/screening/allegations/edit_allegations_spec.rb:473.5154866
spec/features/screening/participant/create_participant_spec.rb:129.2067103
spec/features/screening/participant/search_participant_spec.rb:188.7009243
spec/features/screening/relationships_card_spec.rb:69.7523228
spec/features/screening/screening_information_spec.rb:62.039004
spec/features/screening/show_screening_spec.rb:34.5649454
spec/features/screening/validations/incident_information_validations_spec.rb:66.1276853
spec/features/screening/validations/screening_decision_validations_spec.rb:469.8840776
spec/features/screening/validations/screening_information_validations_spec.rb:255.4524782
spec/features/snapshot/add_remove_people_spec.rb:23.3985543
spec/features/system_codes_spec.rb:4.1739402
spec/lib/api_error_spec.rb:0.0228918
spec/lib/json_api_spec.rb:0.0864816
spec/models/allegation_spec.rb:0.0074867
spec/models/legacy_descriptor_spec.rb:0.0072347
spec/repositories/person_search_repository_spec.rb:0.0236217
spec/repositories/security_repository_spec.rb:0.108837
spec/controllers/api/v1/investigations/contacts_controller_spec.rb:0.2706461
spec/controllers/application_controller_spec.rb:0.4855845
spec/controllers/version_controller_spec.rb:0.2574591
spec/features/contacts/create_investigation_contact_spec.rb:62.2976091
spec/features/contacts/show_investigation_contact_spec.rb:13.5039813
spec/features/investigations/allegations_spec.rb:4.3218937
spec/features/screening/allegations/show_allegations_spec.rb:113.2397287
spec/features/screening/allegations_cross_reports_spec.rb:72.9721005
spec/features/screening/decision_spec.rb:73.9368279
spec/features/screening/history_of_involvement_spec.rb:113.7268994
spec/features/screening/incident_information_spec.rb:45.8463158
spec/features/screening/narrative_spec.rb:56.6644537
spec/features/screening/participant/editing_participant_spec.rb:458.8014841
spec/features/screening/participant/phone_number_spec.rb:65.2273116
spec/features/screening/participant/show_participant_spec.rb:33.9035729
spec/features/screening/screening_information/character_limits_spec.rb:9.5914593
spec/features/screening/submit_screening_spec.rb:598.2846709
spec/features/screening/validations/allegations_sibling_at_risk_validations_spec.rb:349.2234979
spec/features/screening/validations/narrative_validations_spec.rb:57.8927293
spec/features/snapshot/create_snapshot_spec.rb:12.3382585
spec/lib/error_handler_spec.rb:0.076996
spec/models/address_spec.rb:0.0064967
spec/models/participant_spec.rb:0.0102846
spec/models/phone_number_spec.rb:0.00592
spec/models/screening_spec.rb:0.0478086
spec/repositories/participant_repository_spec.rb:0.0307458
spec/repositories/screening_repository_spec.rb:0.0446317
spec/repositories/staff_repository_spec.rb:0.00539
spec/services/person_search_query_builder_spec.rb:0.0359759
